2305 * 0 = 0
2305 * 1 = 2305
2305 * 2 = 4610
2305 * 3 = 6915
2305 * 4 = 9220
2305 * 5 = 11525
2305 * 6 = 13830
2305 * 7 = 16135
2305 * 8 = 18440
2305 * 9 = 20745
2305 * -11 = -25355
-12345678901234567890 * 0 = 0
-1 * 1 = -1
0 * -12345678901234567890 = 0
0 * 12345678901234567890 = 0
12345678901234567890 * -12345678901234567890 = -152415787532388367501905199875019052100
12345678901234567890 * 0 = 0
0 * 0 = 0
-98765432109876543210 * -12345678901234567890 = 1219326311370217952237463801111263526900
-99999999999999999999 * -99999999999999999998 = 9999999999999999999700000000000000000002
-99999999999999999998 * -99999999999999999999 = 9999999999999999999700000000000000000002
-1234567890123456789 * -1234 = 1523456776412345677626
-1234 * -1234567890123456789 = 1523456776412345677626
12345678901234567890 * 12345678901234567890 = 152415787532388367501905199875019052100
12345678901234567890 * 98765432109876543210 = 1219326311370217952237463801111263526900
98765432109876543210 * 12345678901234567890 = 1219326311370217952237463801111263526900
1234567890123456789 * 1234 = 1523456776412345677626
1234 * 1234567890123456789 = 1523456776412345677626
0 * 0 = 0
0 * 0 = 0
0 * 0 = 0
0 * 0 = 0
0 * 0 = 0
0 * 0 = 0
0 * 0 = 0
0 * 0 = 0
0 * 0 = 0

Factorials
 0! = 1
 1! = 1
 2! = 2
 3! = 6
 4! = 24
 5! = 120
 6! = 720
 7! = 5040
 8! = 40320
 9! = 362880
10! = 3628800
11! = 39916800
12! = 479001600
13! = 6227020800
14! = 87178291200
15! = 1307674368000
16! = 20922789888000
17! = 355687428096000
18! = 6402373705728000
19! = 121645100408832000
20! = 2432902008176640000
