Distribution of PQ1 with size() = 0

Distribution of PQ1 with size() = 1
0(1)

Distribution of PQ1 with size() = 2
0(2)

Distribution of PQ1 with size() = 3
3(1)
0(2)

Distribution of PQ1 with size() = 4
3(1)
2(1)
0(2)

Distribution of PQ1 with size() = 5
3(1)
2(2)
0(2)

Distribution of PQ1
4(2043)
3(2032)
2(1978)
1(1979)
0(1973)

Distribution of PQ2
Z(355)
Y(368)
X(397)
W(390)
V(363)
U(380)
T(371)
S(401)
R(345)
Q(377)
P(411)
O(373)
N(386)
M(384)
L(397)
K(382)
J(418)
I(403)
H(387)
G(402)
F(425)
E(395)
D(367)
C(396)
B(353)
A(374)

Distribution of PQ3
0.875(1232)
0.750(1226)
0.625(1234)
0.500(1312)
0.375(1248)
0.250(1199)
0.125(1295)
0.000(1254)
